[0.162s] DEBUG:colcon:Command line arguments: ['/usr/bin/colcon', 'build', '--symlink-install']
[0.162s] DEBUG:colcon:Parsed command line arguments: Namespace(ament_cmake_args=None, base_paths='.', build_base='build', catkin_cmake_args=None, catkin_skip_building_tests=False, cmake_args=None, cmake_clean_cache=False, cmake_clean_first=False, cmake_force_configure=False, cmake_target=None, cmake_target_skip_unavailable=False, continue_on_error=False, event_handlers=None, executor='parallel', ignore_user_meta=False, install_base='install', log_base='log', log_level=None, main=<bound method BuildVerb.main of <colcon_core.verb.build.BuildVerb object at 0x7fbcbbf56358>>, merge_install=False, metas='./colcon.meta', packages_above=None, packages_above_depth=None, packages_end=None, packages_ignore=None, packages_ignore_regex=None, packages_select=None, packages_select_build_failed=False, packages_select_by_dep=None, packages_select_regex=None, packages_select_test_failures=False, packages_skip=None, packages_skip_build_finished=False, packages_skip_by_dep=None, packages_skip_regex=None, packages_skip_test_passed=False, packages_skip_up_to=None, packages_start=None, packages_up_to=None, parallel_workers=4, paths=None, symlink_install=True, test_result_base=None, verb_extension=<colcon_core.verb.build.BuildVerb object at 0x7fbcbbf56358>, verb_name='build', verb_parser=<colcon_defaults.argument_parser.defaults.DefaultArgumentsDecorator object at 0x7fbcbbf566a0>)
[0.207s] Level 1:colcon.colcon_core.package_discovery:discover_packages(colcon_meta) check parameters
[0.207s] Level 1:colcon.colcon_core.package_discovery:discover_packages(recursive) check parameters
[0.207s] Level 1:colcon.colcon_core.package_discovery:discover_packages(ignore) check parameters
[0.207s] Level 1:colcon.colcon_core.package_discovery:discover_packages(path) check parameters
[0.207s] Level 1:colcon.colcon_core.package_discovery:discover_packages(recursive) discover
[0.208s] INFO:colcon.colcon_core.package_discovery:Crawling recursively for packages in '/home/valle/ros2_ws/src/ros2/demos/smart_tool'
[0.208s] Level 1:colcon.colcon_core.package_identification:_identify(/home/valle/ros2_ws/src/ros2/demos/smart_tool) by extensions ['ignore', 'ignore_ament_install']
[0.208s] Level 1:colcon.colcon_core.package_identification:_identify(/home/valle/ros2_ws/src/ros2/demos/smart_tool) by extension 'ignore'
[0.208s] Level 1:colcon.colcon_core.package_identification:_identify(/home/valle/ros2_ws/src/ros2/demos/smart_tool) by extension 'ignore_ament_install'
[0.208s] Level 1:colcon.colcon_core.package_identification:_identify(/home/valle/ros2_ws/src/ros2/demos/smart_tool) by extensions ['colcon_pkg']
[0.208s] Level 1:colcon.colcon_core.package_identification:_identify(/home/valle/ros2_ws/src/ros2/demos/smart_tool) by extension 'colcon_pkg'
[0.208s] Level 1:colcon.colcon_core.package_identification:_identify(/home/valle/ros2_ws/src/ros2/demos/smart_tool) by extensions ['colcon_meta']
[0.209s] Level 1:colcon.colcon_core.package_identification:_identify(/home/valle/ros2_ws/src/ros2/demos/smart_tool) by extension 'colcon_meta'
[0.209s] Level 1:colcon.colcon_core.package_identification:_identify(/home/valle/ros2_ws/src/ros2/demos/smart_tool) by extensions ['ros']
[0.209s] Level 1:colcon.colcon_core.package_identification:_identify(/home/valle/ros2_ws/src/ros2/demos/smart_tool) by extension 'ros'
[0.228s] DEBUG:colcon.colcon_core.package_identification:Package '/home/valle/ros2_ws/src/ros2/demos/smart_tool' with type 'ros.ament_python' and name 'smart_tool'
[0.229s] Level 1:colcon.colcon_core.package_discovery:discover_packages(recursive) using defaults
[0.233s] Level 5:colcon.colcon_core.verb:set package 'smart_tool' build argument 'cmake_args' from command line to 'None'
[0.233s] Level 5:colcon.colcon_core.verb:set package 'smart_tool' build argument 'cmake_target' from command line to 'None'
[0.233s] Level 5:colcon.colcon_core.verb:set package 'smart_tool' build argument 'cmake_target_skip_unavailable' from command line to 'False'
[0.234s] Level 5:colcon.colcon_core.verb:set package 'smart_tool' build argument 'cmake_clean_cache' from command line to 'False'
[0.234s] Level 5:colcon.colcon_core.verb:set package 'smart_tool' build argument 'cmake_clean_first' from command line to 'False'
[0.234s] Level 5:colcon.colcon_core.verb:set package 'smart_tool' build argument 'cmake_force_configure' from command line to 'False'
[0.234s] Level 5:colcon.colcon_core.verb:set package 'smart_tool' build argument 'ament_cmake_args' from command line to 'None'
[0.234s] Level 5:colcon.colcon_core.verb:set package 'smart_tool' build argument 'catkin_cmake_args' from command line to 'None'
[0.234s] Level 5:colcon.colcon_core.verb:set package 'smart_tool' build argument 'catkin_skip_building_tests' from command line to 'False'
[0.234s] DEBUG:colcon.colcon_core.verb:Building package 'smart_tool' with the following arguments: {'ament_cmake_args': None, 'build_base': '/home/valle/ros2_ws/src/ros2/demos/smart_tool/build/smart_tool', 'catkin_cmake_args': None, 'catkin_skip_building_tests': False, 'cmake_args': None, 'cmake_clean_cache': False, 'cmake_clean_first': False, 'cmake_force_configure': False, 'cmake_target': None, 'cmake_target_skip_unavailable': False, 'install_base': '/home/valle/ros2_ws/src/ros2/demos/smart_tool/install/smart_tool', 'merge_install': False, 'path': '/home/valle/ros2_ws/src/ros2/demos/smart_tool', 'symlink_install': True, 'test_result_base': None}
[0.235s] INFO:colcon.colcon_core.executor:Executing jobs using 'parallel' executor
[0.236s] DEBUG:colcon.colcon_parallel_executor.executor.parallel:run_until_complete
[0.236s] INFO:colcon.colcon_ros.task.ament_python.build:Building ROS package in '/home/valle/ros2_ws/src/ros2/demos/smart_tool' with build type 'ament_python'
[0.237s] Level 1:colcon.colcon_core.shell:create_environment_hook('smart_tool', 'ament_prefix_path')
[0.241s] INFO:colcon.colcon_core.plugin_system:Skipping extension 'colcon_core.shell.bat': Not used on non-Windows systems
[0.241s] INFO:colcon.colcon_core.shell:Creating environment hook '/home/valle/ros2_ws/src/ros2/demos/smart_tool/install/smart_tool/share/smart_tool/hook/ament_prefix_path.ps1'
[0.242s] INFO:colcon.colcon_core.shell:Creating environment hook '/home/valle/ros2_ws/src/ros2/demos/smart_tool/install/smart_tool/share/smart_tool/hook/ament_prefix_path.sh'
[0.243s] INFO:colcon.colcon_core.task.python.build:Building Python package in '/home/valle/ros2_ws/src/ros2/demos/smart_tool'
[0.244s] INFO:colcon.colcon_core.shell:Skip shell extension 'powershell' for command environment: Not usable outside of PowerShell
[0.570s] DEBUG:colcon.colcon_core.event_handler.log_command:Invoking command in '/home/valle/ros2_ws/src/ros2/demos/smart_tool/build/smart_tool': PYTHONPATH=/home/valle/ros2_ws/src/ros2/demos/smart_tool/install/smart_tool/lib/python3.6/site-packages: /usr/bin/python3 setup.py develop --prefix /home/valle/ros2_ws/src/ros2/demos/smart_tool/install/smart_tool --no-deps install_data --install-dir /home/valle/ros2_ws/src/ros2/demos/smart_tool/install/smart_tool
[1.025s] Level 1:colcon.colcon_core.shell:create_environment_hook('smart_tool', 'pythonpath_develop')
[1.026s] INFO:colcon.colcon_core.shell:Creating environment hook '/home/valle/ros2_ws/src/ros2/demos/smart_tool/build/smart_tool/share/smart_tool/hook/pythonpath_develop.ps1'
[1.027s] DEBUG:colcon.colcon_core.event_handler.log_command:Invoked command in '/home/valle/ros2_ws/src/ros2/demos/smart_tool/build/smart_tool' returned '0': PYTHONPATH=/home/valle/ros2_ws/src/ros2/demos/smart_tool/install/smart_tool/lib/python3.6/site-packages: /usr/bin/python3 setup.py develop --prefix /home/valle/ros2_ws/src/ros2/demos/smart_tool/install/smart_tool --no-deps install_data --install-dir /home/valle/ros2_ws/src/ros2/demos/smart_tool/install/smart_tool
[1.028s] INFO:colcon.colcon_core.shell:Creating environment hook '/home/valle/ros2_ws/src/ros2/demos/smart_tool/build/smart_tool/share/smart_tool/hook/pythonpath_develop.sh'
[1.032s] Level 1:colcon.colcon_core.environment:checking '/home/valle/ros2_ws/src/ros2/demos/smart_tool/install/smart_tool' for CMake module files
[1.032s] Level 1:colcon.colcon_core.environment:checking '/home/valle/ros2_ws/src/ros2/demos/smart_tool/install/smart_tool' for CMake config files
[1.033s] Level 1:colcon.colcon_core.environment:checking '/home/valle/ros2_ws/src/ros2/demos/smart_tool/install/smart_tool/lib'
[1.034s] Level 1:colcon.colcon_core.environment:checking '/home/valle/ros2_ws/src/ros2/demos/smart_tool/install/smart_tool/bin'
[1.034s] Level 1:colcon.colcon_core.environment:checking '/home/valle/ros2_ws/src/ros2/demos/smart_tool/install/smart_tool/lib/pkgconfig/smart_tool.pc'
[1.034s] Level 1:colcon.colcon_core.environment:checking '/home/valle/ros2_ws/src/ros2/demos/smart_tool/install/smart_tool/lib/python3.6/site-packages'
[1.034s] Level 1:colcon.colcon_core.shell:create_environment_hook('smart_tool', 'pythonpath')
[1.035s] INFO:colcon.colcon_core.shell:Creating environment hook '/home/valle/ros2_ws/src/ros2/demos/smart_tool/install/smart_tool/share/smart_tool/hook/pythonpath.ps1'
[1.035s] INFO:colcon.colcon_core.shell:Creating environment hook '/home/valle/ros2_ws/src/ros2/demos/smart_tool/install/smart_tool/share/smart_tool/hook/pythonpath.sh'
[1.035s] Level 1:colcon.colcon_core.environment:create_environment_scripts_only(smart_tool)
[1.036s] INFO:colcon.colcon_core.shell:Creating package script '/home/valle/ros2_ws/src/ros2/demos/smart_tool/install/smart_tool/share/smart_tool/package.ps1'
[1.037s] INFO:colcon.colcon_core.shell:Creating package script '/home/valle/ros2_ws/src/ros2/demos/smart_tool/install/smart_tool/share/smart_tool/package.sh'
[1.038s] INFO:colcon.colcon_core.shell:Creating package script '/home/valle/ros2_ws/src/ros2/demos/smart_tool/install/smart_tool/share/smart_tool/package.bash'
[1.039s] INFO:colcon.colcon_core.shell:Creating package script '/home/valle/ros2_ws/src/ros2/demos/smart_tool/install/smart_tool/share/smart_tool/package.zsh'
[1.040s] Level 1:colcon.colcon_core.environment:create_file_with_runtime_dependencies(/home/valle/ros2_ws/src/ros2/demos/smart_tool/install/smart_tool/share/colcon-core/packages/smart_tool)
[1.041s] DEBUG:colcon.colcon_parallel_executor.executor.parallel:closing loop
[1.041s] DEBUG:colcon.colcon_parallel_executor.executor.parallel:loop closed
[1.042s] DEBUG:colcon.colcon_parallel_executor.executor.parallel:run_until_complete finished with '0'
[1.042s] DEBUG:colcon.colcon_core.event_reactor:joining thread
[1.050s] INFO:colcon.colcon_core.plugin_system:Skipping extension 'colcon_notification.desktop_notification.terminal_notifier': Not used on non-Darwin systems
[1.050s] INFO:colcon.colcon_core.plugin_system:Skipping extension 'colcon_notification.desktop_notification.win32': Not used on non-Windows systems
[1.050s] INFO:colcon.colcon_notification.desktop_notification:Sending desktop notification using 'notify2'
[1.055s] DEBUG:colcon.colcon_core.event_reactor:joined thread
[1.056s] INFO:colcon.colcon_core.shell:Creating prefix script '/home/valle/ros2_ws/src/ros2/demos/smart_tool/install/local_setup.ps1'
[1.058s] INFO:colcon.colcon_core.shell:Creating prefix chain script '/home/valle/ros2_ws/src/ros2/demos/smart_tool/install/setup.ps1'
[1.060s] INFO:colcon.colcon_core.shell:Creating prefix script '/home/valle/ros2_ws/src/ros2/demos/smart_tool/install/local_setup.sh'
[1.062s] INFO:colcon.colcon_core.shell:Creating prefix chain script '/home/valle/ros2_ws/src/ros2/demos/smart_tool/install/setup.sh'
[1.065s] INFO:colcon.colcon_core.shell:Creating prefix script '/home/valle/ros2_ws/src/ros2/demos/smart_tool/install/local_setup.bash'
[1.066s] INFO:colcon.colcon_core.shell:Creating prefix chain script '/home/valle/ros2_ws/src/ros2/demos/smart_tool/install/setup.bash'
[1.068s] INFO:colcon.colcon_core.shell:Creating prefix script '/home/valle/ros2_ws/src/ros2/demos/smart_tool/install/local_setup.zsh'
[1.088s] INFO:colcon.colcon_core.shell:Creating prefix chain script '/home/valle/ros2_ws/src/ros2/demos/smart_tool/install/setup.zsh'
